2018-06-15 14:27:07.000 [main] INFO  com.plugins.monitoring.MonitoringApplication:50 - Starting MonitoringApplication on bogon with PID 81677 (/Users/zhangsam/IdeaProjects/monitoring/target/classes started by zhangsam in /Users/zhangsam/IdeaProjects/monitoring)
2018-06-15 14:27:07.003 [main] INFO  com.plugins.monitoring.MonitoringApplication:659 - No active profile set, falling back to default profiles: default
2018-06-15 14:27:07.044 [main] INFO  org.springframework.boot.web.servlet.context.AnnotationConfigServletWebServerApplicationContext:590 - Refreshing org.springframework.boot.web.servlet.context.AnnotationConfigServletWebServerApplicationContext@41fbdac4: startup date [Fri Jun 15 14:27:07 CST 2018]; root of context hierarchy
2018-06-15 14:27:07.794 [main] INFO  org.springframework.boot.web.embedded.tomcat.TomcatWebServer:91 - Tomcat initialized with port(s): 8080 (http)
2018-06-15 14:27:07.812 [main] INFO  org.apache.catalina.core.StandardService:180 - Starting service [Tomcat]
2018-06-15 14:27:07.812 [main] INFO  org.apache.catalina.core.StandardEngine:180 - Starting Servlet Engine: Apache Tomcat/8.5.31
2018-06-15 14:27:07.816 [localhost-startStop-1] INFO  org.apache.catalina.core.AprLifecycleListener:180 - Loaded APR based Apache Tomcat Native library [1.2.16] using APR version [1.6.3].
2018-06-15 14:27:07.816 [localhost-startStop-1] INFO  org.apache.catalina.core.AprLifecycleListener:180 - APR capabilities: IPv6 [true], sendfile [true], accept filters [false], random [true].
2018-06-15 14:27:07.816 [localhost-startStop-1] INFO  org.apache.catalina.core.AprLifecycleListener:180 - APR/OpenSSL configuration: useAprConnector [false], useOpenSSL [true]
2018-06-15 14:27:07.820 [localhost-startStop-1] INFO  org.apache.catalina.core.AprLifecycleListener:180 - OpenSSL successfully initialized [OpenSSL 1.0.2g  1 Mar 2016]
2018-06-15 14:27:07.881 [localhost-startStop-1] INFO  org.apache.catalina.core.ContainerBase.[Tomcat].[localhost].[/]:180 - Initializing Spring embedded WebApplicationContext
2018-06-15 14:27:07.882 [localhost-startStop-1] INFO  org.springframework.web.context.ContextLoader:285 - Root WebApplicationContext: initialization completed in 839 ms
2018-06-15 14:27:07.960 [localhost-startStop-1] INFO  org.springframework.boot.web.servlet.ServletRegistrationBean:185 - Servlet dispatcherServlet mapped to [/]
2018-06-15 14:27:07.964 [localhost-startStop-1] INFO  org.springframework.boot.web.servlet.FilterRegistrationBean:244 - Mapping filter: 'characterEncodingFilter' to: [/*]
2018-06-15 14:27:08.033 [main] INFO  org.springframework.web.servlet.mvc.method.annotation.RequestMappingHandlerMapping:547 - Mapped "{[/login],methods=[POST]}" onto public com.plugins.monitoring.domain.user.OauthUser com.plugins.monitoring.web.Login.Login()
2018-06-15 14:27:08.040 [main] INFO  org.springframework.web.servlet.mvc.method.annotation.RequestMappingHandlerMapping:547 - Mapped "{[/error]}" onto public org.springframework.http.ResponseEntity<java.util.Map<java.lang.String, java.lang.Object>> org.springframework.boot.autoconfigure.web.servlet.error.BasicErrorController.error(javax.servlet.http.HttpServletRequest)
2018-06-15 14:27:08.041 [main] INFO  org.springframework.web.servlet.mvc.method.annotation.RequestMappingHandlerMapping:547 - Mapped "{[/error],produces=[text/html]}" onto public org.springframework.web.servlet.ModelAndView org.springframework.boot.autoconfigure.web.servlet.error.BasicErrorController.errorHtml(javax.servlet.http.HttpServletRequest,javax.servlet.http.HttpServletResponse)
2018-06-15 14:27:08.089 [main] INFO  org.springframework.web.servlet.mvc.method.annotation.RequestMappingHandlerAdapter:574 - Looking for @ControllerAdvice: org.springframework.boot.web.servlet.context.AnnotationConfigServletWebServerApplicationContext@41fbdac4: startup date [Fri Jun 15 14:27:07 CST 2018]; root of context hierarchy
2018-06-15 14:27:08.280 [main] INFO  org.springframework.jmx.export.annotation.AnnotationMBeanExporter:433 - Registering beans for JMX exposure on startup
2018-06-15 14:27:08.323 [main] INFO  org.springframework.boot.web.embedded.tomcat.TomcatWebServer:206 - Tomcat started on port(s): 8080 (http) with context path ''
2018-06-15 14:27:08.327 [main] INFO  com.plugins.monitoring.MonitoringApplication:59 - Started MonitoringApplication in 1.557 seconds (JVM running for 2.135)
2018-06-15 14:27:16.891 [Thread-7] INFO  org.springframework.boot.web.servlet.context.AnnotationConfigServletWebServerApplicationContext:993 - Closing org.springframework.boot.web.servlet.context.AnnotationConfigServletWebServerApplicationContext@41fbdac4: startup date [Fri Jun 15 14:27:07 CST 2018]; root of context hierarchy
2018-06-15 14:27:16.893 [Thread-7] INFO  org.springframework.jmx.export.annotation.AnnotationMBeanExporter:451 - Unregistering JMX-exposed beans on shutdown
